<?xml version="1.0" encoding="UTF-8"?>
<!-- Generated by org.testng.reporters.JUnitReportReporter -->
<testsuite hostname="94ZQ7BS" name="helpers.RunTest" tests="1" failures="0" timestamp="29 Mar 2018 12:30:35 GMT" time="240.337" errors="0">
  <testcase name="feature" time="240.337" classname="helpers.RunTest"/>
</testsuite> <!-- helpers.RunTest -->
