<?xml version="1.0" encoding="UTF-8"?>
<!-- Generated by org.testng.reporters.JUnitReportReporter -->
<testsuite hostname="hitesh-PC" name="com.cucumber.framework.runner.Registration.RegistrationRunner" tests="1" failures="0" timestamp="10 Apr 2018 17:26:20 GMT" time="38.111" errors="0">
  <testcase name="feature" time="38.111" classname="com.cucumber.framework.runner.Registration.RegistrationRunner"/>
</testsuite> <!-- com.cucumber.framework.runner.Registration.RegistrationRunner -->
