<?xml version="1.0" encoding="UTF-8"?>
<!-- Generated by org.testng.reporters.JUnitReportReporter -->
<testsuite hostname="hitesh-PC" name="com.cucumber.framework.runner.WomenProductVerification.WomenProductVerification" tests="1" failures="0" timestamp="11 Apr 2018 16:58:05 GMT" time="26.141" errors="0">
  <testcase name="feature" time="26.141" classname="com.cucumber.framework.runner.WomenProductVerification.WomenProductVerification"/>
</testsuite> <!-- com.cucumber.framework.runner.WomenProductVerification.WomenProductVerification -->
