<?xml version="1.0" encoding="UTF-8"?>
<!-- Generated by org.testng.reporters.JUnitReportReporter -->
<testsuite hostname="hitesh-PC" name="com.cucumber.framework.runner.Login.LoginRunner" tests="1" failures="0" timestamp="8 Apr 2018 10:09:04 GMT" time="20.357" errors="0">
  <testcase name="feature" time="20.357" classname="com.cucumber.framework.runner.Login.LoginRunner"/>
</testsuite> <!-- com.cucumber.framework.runner.Login.LoginRunner -->
